------------------------------------------------------------------------------------------------------------------------

[2021-10-16 15:44:51 #1 store] 
Database 'D:\GitHub\Bets21Azkena\src\main\resources\bets.temp' is opened by 6332@LAPTOP-N3DLKQR7

[2021-10-16 15:44:52 #2 type.registry] 
New type domain.Apustua

[2021-10-16 15:44:52 #3 type] 
Type domain.Apustua is not enhanced.

[2021-10-16 15:44:52 #4 type.registry] 
New type domain.Pronostikoa

[2021-10-16 15:44:52 #5 type.registry] 
New type java.util.ArrayList<domain.Pronostikoa>

[2021-10-16 15:44:52 #6 type.registry] 
New type domain.Pertsona

[2021-10-16 15:44:52 #7 type.registry] 
New type domain.Bezeroa

[2021-10-16 15:44:52 #8 type] 
Type domain.Pronostikoa is not enhanced.

[2021-10-16 15:44:52 #9 type.registry] 
New type java.util.Vector<domain.Apustua>

[2021-10-16 15:44:52 #10 type.registry] 
New type domain.Question

[2021-10-16 15:44:52 #11 type] 
Type domain.Pertsona is not enhanced.

[2021-10-16 15:44:52 #12 type] 
Type domain.Bezeroa is not enhanced.

[2021-10-16 15:44:52 #13 type.registry] 
New type domain.ArretaElkarrizketa

[2021-10-16 15:44:52 #14 type.registry] 
New type java.util.Vector<domain.ArretaElkarrizketa>

[2021-10-16 15:44:52 #15 type.registry] 
New type domain.Errepikapena

[2021-10-16 15:44:52 #16 type.registry] 
New type java.util.Vector<domain.Errepikapena>

[2021-10-16 15:44:52 #17 type.registry] 
New type domain.Mezua

[2021-10-16 15:44:52 #18 type.registry] 
New type domain.BezeroartekoMezua

[2021-10-16 15:44:52 #19 type.registry] 
New type java.util.Vector<domain.BezeroartekoMezua>

[2021-10-16 15:44:52 #20 type.registry] 
New type domain.Mugimendua

[2021-10-16 15:44:52 #21 type.registry] 
New type java.util.Vector<domain.Mugimendua>

[2021-10-16 15:44:52 #22 type] 
Type domain.Question is not enhanced.

[2021-10-16 15:44:52 #23 type.registry] 
New type java.util.Vector<domain.Pronostikoa>

[2021-10-16 15:44:52 #24 type.registry] 
New type domain.Event

[2021-10-16 15:44:52 #25 type] 
Type domain.ArretaElkarrizketa is not enhanced.

[2021-10-16 15:44:52 #26 type.registry] 
New type domain.ArretaMezua

[2021-10-16 15:44:52 #27 type.registry] 
New type java.util.Vector<domain.ArretaMezua>

[2021-10-16 15:44:52 #28 type.registry] 
New type domain.Langilea

[2021-10-16 15:44:52 #29 type] 
Type domain.Errepikapena is not enhanced.

[2021-10-16 15:44:52 #30 type] 
Type domain.Mezua is not enhanced.

[2021-10-16 15:44:52 #31 type] 
Type domain.BezeroartekoMezua is not enhanced.

[2021-10-16 15:44:52 #32 type] 
Type domain.Mugimendua is not enhanced.

[2021-10-16 15:44:52 #33 type] 
Type domain.Event is not enhanced.

[2021-10-16 15:44:52 #34 type.registry] 
New type java.util.Vector<domain.Question>

[2021-10-16 15:44:52 #35 type] 
Type domain.ArretaMezua is not enhanced.

[2021-10-16 15:44:52 #36 type] 
Type domain.Langilea is not enhanced.

[2021-10-16 15:44:52 #37 type.registry] 
New type int[]

[2021-10-16 15:44:52 #38 type.registry] 
New type domain.Event

[2021-10-16 15:44:52 #39 type.registry] 
New type domain.Question

[2021-10-16 15:44:52 #40 type.registry] 
New type java.util.Vector<domain.Question>

[2021-10-16 15:44:52 #41 type.registry] 
New type domain.Pronostikoa

[2021-10-16 15:44:52 #42 type.registry] 
New type java.util.Vector<domain.Pronostikoa>

[2021-10-16 15:44:52 #43 type.registry] 
New type domain.Apustua

[2021-10-16 15:44:52 #44 type.registry] 
New type java.util.Vector<domain.Apustua>

[2021-10-16 15:44:52 #45 type.registry] 
New type java.util.ArrayList<domain.Pronostikoa>

[2021-10-16 15:44:52 #46 type.registry] 
New type domain.Pertsona

[2021-10-16 15:44:52 #47 type.registry] 
New type domain.Bezeroa

[2021-10-16 15:44:52 #48 type.registry] 
New type domain.ArretaElkarrizketa

[2021-10-16 15:44:52 #49 type.registry] 
New type java.util.Vector<domain.ArretaElkarrizketa>

[2021-10-16 15:44:52 #50 type.registry] 
New type domain.Errepikapena

[2021-10-16 15:44:52 #51 type.registry] 
New type java.util.Vector<domain.Errepikapena>

[2021-10-16 15:44:52 #52 type.registry] 
New type domain.Mezua

[2021-10-16 15:44:52 #53 type.registry] 
New type domain.BezeroartekoMezua

[2021-10-16 15:44:52 #54 type.registry] 
New type java.util.Vector<domain.BezeroartekoMezua>

[2021-10-16 15:44:52 #55 type.registry] 
New type domain.Mugimendua

[2021-10-16 15:44:52 #56 type.registry] 
New type java.util.Vector<domain.Mugimendua>

[2021-10-16 15:44:52 #57 type.registry] 
New type domain.ArretaMezua

[2021-10-16 15:44:52 #58 type.registry] 
New type java.util.Vector<domain.ArretaMezua>

[2021-10-16 15:44:52 #59 type.registry] 
New type domain.Langilea

[2021-10-16 15:44:52 #60 type.registry] 
New type int[]

[2021-10-16 15:44:52 #61 type.registry] 
New type domain.Apustua

[2021-10-16 15:44:52 #62 type.registry] 
New type domain.Pronostikoa

[2021-10-16 15:44:52 #63 type.registry] 
New type java.util.ArrayList<domain.Pronostikoa>

[2021-10-16 15:44:52 #64 type.registry] 
New type domain.Pertsona

[2021-10-16 15:44:52 #65 type.registry] 
New type domain.Bezeroa

[2021-10-16 15:44:52 #66 type.registry] 
New type java.util.Vector<domain.Apustua>

[2021-10-16 15:44:52 #67 type.registry] 
New type domain.Question

[2021-10-16 15:44:52 #68 type.registry] 
New type domain.ArretaElkarrizketa

[2021-10-16 15:44:52 #69 type.registry] 
New type java.util.Vector<domain.ArretaElkarrizketa>

[2021-10-16 15:44:52 #70 type.registry] 
New type domain.Errepikapena

[2021-10-16 15:44:52 #71 type.registry] 
New type java.util.Vector<domain.Errepikapena>

[2021-10-16 15:44:52 #72 type.registry] 
New type domain.Mezua

[2021-10-16 15:44:52 #73 type.registry] 
New type domain.BezeroartekoMezua

[2021-10-16 15:44:52 #74 type.registry] 
New type java.util.Vector<domain.BezeroartekoMezua>

[2021-10-16 15:44:52 #75 type.registry] 
New type domain.Mugimendua

[2021-10-16 15:44:52 #76 type.registry] 
New type java.util.Vector<domain.Mugimendua>

[2021-10-16 15:44:52 #77 type.registry] 
New type java.util.Vector<domain.Pronostikoa>

[2021-10-16 15:44:52 #78 type.registry] 
New type domain.Event

[2021-10-16 15:44:52 #79 type.registry] 
New type domain.ArretaMezua

[2021-10-16 15:44:52 #80 type.registry] 
New type java.util.Vector<domain.ArretaMezua>

[2021-10-16 15:44:52 #81 type.registry] 
New type domain.Langilea

[2021-10-16 15:44:52 #82 type.registry] 
New type java.util.Vector<domain.Question>

[2021-10-16 15:44:52 #83 type.registry] 
New type int[]

[2021-10-16 15:44:52 #84 type.registry] 
New type domain.Event

[2021-10-16 15:44:52 #85 type.registry] 
New type domain.Question

[2021-10-16 15:44:52 #86 type.registry] 
New type java.util.Vector<domain.Question>

[2021-10-16 15:44:52 #87 type.registry] 
New type domain.Pronostikoa

[2021-10-16 15:44:52 #88 type.registry] 
New type java.util.Vector<domain.Pronostikoa>

[2021-10-16 15:44:52 #89 type.registry] 
New type domain.Apustua

[2021-10-16 15:44:52 #90 type.registry] 
New type java.util.Vector<domain.Apustua>

[2021-10-16 15:44:52 #91 type.registry] 
New type java.util.ArrayList<domain.Pronostikoa>

[2021-10-16 15:44:52 #92 type.registry] 
New type domain.Pertsona

[2021-10-16 15:44:52 #93 type.registry] 
New type domain.Bezeroa

[2021-10-16 15:44:52 #94 type.registry] 
New type domain.ArretaElkarrizketa

[2021-10-16 15:44:52 #95 type.registry] 
New type java.util.Vector<domain.ArretaElkarrizketa>

[2021-10-16 15:44:52 #96 type.registry] 
New type domain.Errepikapena

[2021-10-16 15:44:52 #97 type.registry] 
New type java.util.Vector<domain.Errepikapena>

[2021-10-16 15:44:52 #98 type.registry] 
New type domain.Mezua

[2021-10-16 15:44:52 #99 type.registry] 
New type domain.BezeroartekoMezua

[2021-10-16 15:44:52 #100 type.registry] 
New type java.util.Vector<domain.BezeroartekoMezua>

[2021-10-16 15:44:52 #101 type.registry] 
New type domain.Mugimendua

[2021-10-16 15:44:52 #102 type.registry] 
New type java.util.Vector<domain.Mugimendua>

[2021-10-16 15:44:52 #103 type.registry] 
New type domain.ArretaMezua

[2021-10-16 15:44:52 #104 type.registry] 
New type java.util.Vector<domain.ArretaMezua>

[2021-10-16 15:44:52 #105 type.registry] 
New type domain.Langilea

[2021-10-16 15:44:52 #106 type.registry] 
New type int[]

[2021-10-16 15:44:52 #107 type.registry] 
New type domain.Pertsona

[2021-10-16 15:44:52 #108 type.registry] 
New type domain.Admin

[2021-10-16 15:44:52 #109 type] 
Type domain.Admin is not enhanced.

[2021-10-16 15:44:52 #110 type.registry] 
New type domain.Langilea

[2021-10-16 15:44:52 #111 type.registry] 
New type int[]

[2021-10-16 15:44:52 #112 type.registry] 
New type domain.ArretaElkarrizketa

[2021-10-16 15:44:52 #113 type.registry] 
New type java.util.Vector<domain.ArretaElkarrizketa>

[2021-10-16 15:44:52 #114 type.registry] 
New type domain.Mezua

[2021-10-16 15:44:52 #115 type.registry] 
New type domain.ArretaMezua

[2021-10-16 15:44:52 #116 type.registry] 
New type java.util.Vector<domain.ArretaMezua>

[2021-10-16 15:44:52 #117 type.registry] 
New type domain.Bezeroa

[2021-10-16 15:44:52 #118 type.registry] 
New type domain.Errepikapena

[2021-10-16 15:44:52 #119 type.registry] 
New type java.util.Vector<domain.Errepikapena>

[2021-10-16 15:44:52 #120 type.registry] 
New type domain.BezeroartekoMezua

[2021-10-16 15:44:52 #121 type.registry] 
New type java.util.Vector<domain.BezeroartekoMezua>

[2021-10-16 15:44:52 #122 type.registry] 
New type domain.Apustua

[2021-10-16 15:44:52 #123 type.registry] 
New type java.util.Vector<domain.Apustua>

[2021-10-16 15:44:52 #124 type.registry] 
New type domain.Mugimendua

[2021-10-16 15:44:52 #125 type.registry] 
New type java.util.Vector<domain.Mugimendua>

[2021-10-16 15:44:52 #126 type.registry] 
New type domain.Pronostikoa

[2021-10-16 15:44:52 #127 type.registry] 
New type java.util.ArrayList<domain.Pronostikoa>

[2021-10-16 15:44:52 #128 type.registry] 
New type domain.Question

[2021-10-16 15:44:52 #129 type.registry] 
New type java.util.Vector<domain.Pronostikoa>

[2021-10-16 15:44:52 #130 type.registry] 
New type domain.Event

[2021-10-16 15:44:52 #131 type.registry] 
New type java.util.Vector<domain.Question>

[2021-10-16 15:44:52 #132 type.registry] 
New type domain.Event

[2021-10-16 15:44:52 #133 type.registry] 
New type domain.Question

[2021-10-16 15:44:52 #134 type.registry] 
New type java.util.Vector<domain.Question>

[2021-10-16 15:44:52 #135 type.registry] 
New type domain.Pronostikoa

[2021-10-16 15:44:52 #136 type.registry] 
New type java.util.Vector<domain.Pronostikoa>

[2021-10-16 15:44:52 #137 type.registry] 
New type domain.Apustua

[2021-10-16 15:44:52 #138 type.registry] 
New type java.util.Vector<domain.Apustua>

[2021-10-16 15:44:52 #139 type.registry] 
New type java.util.ArrayList<domain.Pronostikoa>

[2021-10-16 15:44:52 #140 type.registry] 
New type domain.Bezeroa

[2021-10-16 15:44:52 #141 type.registry] 
New type domain.ArretaElkarrizketa

[2021-10-16 15:44:52 #142 type.registry] 
New type java.util.Vector<domain.ArretaElkarrizketa>

[2021-10-16 15:44:52 #143 type.registry] 
New type domain.Errepikapena

[2021-10-16 15:44:52 #144 type.registry] 
New type java.util.Vector<domain.Errepikapena>

[2021-10-16 15:44:52 #145 type.registry] 
New type domain.Mezua

[2021-10-16 15:44:52 #146 type.registry] 
New type domain.BezeroartekoMezua

[2021-10-16 15:44:52 #147 type.registry] 
New type java.util.Vector<domain.BezeroartekoMezua>

[2021-10-16 15:44:52 #148 type.registry] 
New type domain.Mugimendua

[2021-10-16 15:44:52 #149 type.registry] 
New type java.util.Vector<domain.Mugimendua>

[2021-10-16 15:44:52 #150 type.registry] 
New type domain.ArretaMezua

[2021-10-16 15:44:52 #151 type.registry] 
New type java.util.Vector<domain.ArretaMezua>

[2021-10-16 15:44:52 #152 type.registry] 
New type domain.Langilea

[2021-10-16 15:44:52 #153 type.registry] 
New type int[]

[2021-10-16 15:44:52 #154 type.registry] 
New type domain.Event

[2021-10-16 15:44:52 #155 type.registry] 
New type domain.Question

[2021-10-16 15:44:52 #156 type.registry] 
New type java.util.Vector<domain.Question>

[2021-10-16 15:44:52 #157 type.registry] 
New type domain.Pronostikoa

[2021-10-16 15:44:52 #158 type.registry] 
New type java.util.Vector<domain.Pronostikoa>

[2021-10-16 15:44:52 #159 type.registry] 
New type domain.Apustua

[2021-10-16 15:44:52 #160 type.registry] 
New type java.util.Vector<domain.Apustua>

[2021-10-16 15:44:52 #161 type.registry] 
New type java.util.ArrayList<domain.Pronostikoa>

[2021-10-16 15:44:52 #162 type.registry] 
New type domain.Bezeroa

[2021-10-16 15:44:52 #163 type.registry] 
New type domain.ArretaElkarrizketa

[2021-10-16 15:44:52 #164 type.registry] 
New type java.util.Vector<domain.ArretaElkarrizketa>

[2021-10-16 15:44:52 #165 type.registry] 
New type domain.Errepikapena

[2021-10-16 15:44:52 #166 type.registry] 
New type java.util.Vector<domain.Errepikapena>

[2021-10-16 15:44:52 #167 type.registry] 
New type domain.Mezua

[2021-10-16 15:44:52 #168 type.registry] 
New type domain.BezeroartekoMezua

[2021-10-16 15:44:52 #169 type.registry] 
New type java.util.Vector<domain.BezeroartekoMezua>

[2021-10-16 15:44:52 #170 type.registry] 
New type domain.Mugimendua

[2021-10-16 15:44:52 #171 type.registry] 
New type java.util.Vector<domain.Mugimendua>

[2021-10-16 15:44:52 #172 type.registry] 
New type domain.ArretaMezua

[2021-10-16 15:44:52 #173 type.registry] 
New type java.util.Vector<domain.ArretaMezua>

[2021-10-16 15:44:52 #174 type.registry] 
New type domain.Langilea

[2021-10-16 15:44:52 #175 type.registry] 
New type int[]

[2021-10-16 15:44:52 #176 type.registry] 
New type domain.Event

[2021-10-16 15:44:52 #177 type.registry] 
New type domain.Question

[2021-10-16 15:44:52 #178 type.registry] 
New type java.util.Vector<domain.Question>

[2021-10-16 15:44:52 #179 type.registry] 
New type domain.Pronostikoa

[2021-10-16 15:44:52 #180 type.registry] 
New type java.util.Vector<domain.Pronostikoa>

[2021-10-16 15:44:52 #181 type.registry] 
New type domain.Apustua

[2021-10-16 15:44:52 #182 type.registry] 
New type java.util.Vector<domain.Apustua>

[2021-10-16 15:44:52 #183 type.registry] 
New type java.util.ArrayList<domain.Pronostikoa>

[2021-10-16 15:44:52 #184 type.registry] 
New type domain.Bezeroa

[2021-10-16 15:44:52 #185 type.registry] 
New type domain.ArretaElkarrizketa

[2021-10-16 15:44:52 #186 type.registry] 
New type java.util.Vector<domain.ArretaElkarrizketa>

[2021-10-16 15:44:52 #187 type.registry] 
New type domain.Errepikapena

[2021-10-16 15:44:52 #188 type.registry] 
New type java.util.Vector<domain.Errepikapena>

[2021-10-16 15:44:52 #189 type.registry] 
New type domain.Mezua

[2021-10-16 15:44:52 #190 type.registry] 
New type domain.BezeroartekoMezua

[2021-10-16 15:44:52 #191 type.registry] 
New type java.util.Vector<domain.BezeroartekoMezua>

[2021-10-16 15:44:52 #192 type.registry] 
New type domain.Mugimendua

[2021-10-16 15:44:52 #193 type.registry] 
New type java.util.Vector<domain.Mugimendua>

[2021-10-16 15:44:52 #194 type.registry] 
New type domain.ArretaMezua

[2021-10-16 15:44:52 #195 type.registry] 
New type java.util.Vector<domain.ArretaMezua>

[2021-10-16 15:44:52 #196 type.registry] 
New type domain.Langilea

[2021-10-16 15:44:52 #197 type.registry] 
New type int[]

[2021-10-16 15:44:52 #198 type.registry] 
New type domain.Event

[2021-10-16 15:44:52 #199 type.registry] 
New type domain.Question

[2021-10-16 15:44:52 #200 type.registry] 
New type java.util.Vector<domain.Question>

[2021-10-16 15:44:52 #201 type.registry] 
New type domain.Pronostikoa

[2021-10-16 15:44:52 #202 type.registry] 
New type java.util.Vector<domain.Pronostikoa>

[2021-10-16 15:44:52 #203 type.registry] 
New type domain.Apustua

[2021-10-16 15:44:52 #204 type.registry] 
New type java.util.Vector<domain.Apustua>

[2021-10-16 15:44:52 #205 type.registry] 
New type java.util.ArrayList<domain.Pronostikoa>

[2021-10-16 15:44:52 #206 type.registry] 
New type domain.Bezeroa

[2021-10-16 15:44:52 #207 type.registry] 
New type domain.ArretaElkarrizketa

[2021-10-16 15:44:52 #208 type.registry] 
New type java.util.Vector<domain.ArretaElkarrizketa>

[2021-10-16 15:44:52 #209 type.registry] 
New type domain.Errepikapena

[2021-10-16 15:44:52 #210 type.registry] 
New type java.util.Vector<domain.Errepikapena>

[2021-10-16 15:44:52 #211 type.registry] 
New type domain.Mezua

[2021-10-16 15:44:52 #212 type.registry] 
New type domain.BezeroartekoMezua

[2021-10-16 15:44:52 #213 type.registry] 
New type java.util.Vector<domain.BezeroartekoMezua>

[2021-10-16 15:44:52 #214 type.registry] 
New type domain.Mugimendua

[2021-10-16 15:44:52 #215 type.registry] 
New type java.util.Vector<domain.Mugimendua>

[2021-10-16 15:44:52 #216 type.registry] 
New type domain.ArretaMezua

[2021-10-16 15:44:52 #217 type.registry] 
New type java.util.Vector<domain.ArretaMezua>

[2021-10-16 15:44:52 #218 type.registry] 
New type domain.Langilea

[2021-10-16 15:44:52 #219 type.registry] 
New type int[]

